<?xml version="1.0" encoding="UTF-8"?>
<!-- Generated by org.testng.reporters.JUnitXMLReporter -->
<testsuite hostname="asda1710po02529" name="Default test" tests="3" failures="0" timestamp="3 Aug 2017 07:10:48 GMT" time="37.826" errors="0">
  <testcase name="getdetails" time="31.353" classname="com.qait.testNG.data_providers.Data_Providers"/>
  <testcase name="getdetails" time="32.415" classname="com.qait.testNG.data_providers.Data_Providers"/>
  <testcase name="getdetails" time="37.282" classname="com.qait.testNG.data_providers.Data_Providers"/>
</testsuite> <!-- Default test -->
